2023-09-13 13:21:58,424 DEBUG    root            Loaded Command Group: ['gcloud', 'components']
2023-09-13 13:21:58,427 DEBUG    root            Loaded Command Group: ['gcloud', 'components', 'update']
2023-09-13 13:21:58,430 DEBUG    root            Running [gcloud.components.update] with arguments: [--quiet: "True", COMPONENT-IDS:8: "['gcloud', 'core', 'bq', 'gsutil', 'compute', 'preview', 'alpha', 'beta']"]
2023-09-13 13:21:58,431 INFO     ___FILE_ONLY___ Beginning update. This process may take several minutes.

2023-09-13 13:21:58,436 DEBUG    urllib3.connectionpool Starting new HTTPS connection (1): dl.google.com:443
2023-09-13 13:21:58,593 DEBUG    urllib3.connectionpool https://dl.google.com:443 "GET /dl/cloudsdk/channels/rapid/components-2.json HTTP/1.1" 200 209937
2023-09-13 13:21:58,613 WARNING  root            Component [compute] no longer exists.
2023-09-13 13:21:58,614 WARNING  root            Component [preview] no longer exists.
2023-09-13 13:21:58,615 INFO     ___FILE_ONLY___ 

2023-09-13 13:21:58,615 INFO     ___FILE_ONLY___ 
Your current Google Cloud CLI version is: 446.0.0

2023-09-13 13:21:58,615 INFO     ___FILE_ONLY___ Installing components from version: 446.0.0

2023-09-13 13:21:58,615 INFO     ___FILE_ONLY___ 

2023-09-13 13:21:58,616 DEBUG    root            Chosen display Format:table[box,title="These components will be removed."](details.display_name:label=Name:align=left,version.version_string:label=Version:align=right,data.size.size(zero="",min=1048576):label=Size:align=right)
2023-09-13 13:21:58,617 DEBUG    root            Chosen display Format:table[box,title="These components will be updated."](details.display_name:label=Name:align=left,version.version_string:label=Version:align=right,data.size.size(zero="",min=1048576):label=Size:align=right)
2023-09-13 13:21:58,617 DEBUG    root            Chosen display Format:table[box,title="These components will be installed."](details.display_name:label=Name:align=left,version.version_string:label=Version:align=right,data.size.size(zero="",min=1048576):label=Size:align=right)
2023-09-13 13:21:58,619 INFO     ___FILE_ONLY___ ┌──────────────────────────────────────────────┐
2023-09-13 13:21:58,619 INFO     ___FILE_ONLY___ 

2023-09-13 13:21:58,619 INFO     ___FILE_ONLY___ │     These components will be installed.      │
2023-09-13 13:21:58,620 INFO     ___FILE_ONLY___ 

2023-09-13 13:21:58,620 INFO     ___FILE_ONLY___ ├───────────────────────┬────────────┬─────────┤
2023-09-13 13:21:58,620 INFO     ___FILE_ONLY___ 

2023-09-13 13:21:58,620 INFO     ___FILE_ONLY___ │          Name         │  Version   │   Size  │
2023-09-13 13:21:58,620 INFO     ___FILE_ONLY___ 

2023-09-13 13:21:58,620 INFO     ___FILE_ONLY___ ├───────────────────────┼────────────┼─────────┤
2023-09-13 13:21:58,620 INFO     ___FILE_ONLY___ 

2023-09-13 13:21:58,620 INFO     ___FILE_ONLY___ │ 
2023-09-13 13:21:58,621 INFO     ___FILE_ONLY___ gcloud Alpha Commands
2023-09-13 13:21:58,621 INFO     ___FILE_ONLY___  
2023-09-13 13:21:58,621 INFO     ___FILE_ONLY___ │ 
2023-09-13 13:21:58,621 INFO     ___FILE_ONLY___ 2023.09.08
2023-09-13 13:21:58,621 INFO     ___FILE_ONLY___  
2023-09-13 13:21:58,621 INFO     ___FILE_ONLY___ │ 
2023-09-13 13:21:58,621 INFO     ___FILE_ONLY___ < 1 MiB
2023-09-13 13:21:58,621 INFO     ___FILE_ONLY___  
2023-09-13 13:21:58,622 INFO     ___FILE_ONLY___ │
2023-09-13 13:21:58,622 INFO     ___FILE_ONLY___ 

2023-09-13 13:21:58,622 INFO     ___FILE_ONLY___ │ 
2023-09-13 13:21:58,622 INFO     ___FILE_ONLY___ gcloud Beta Commands 
2023-09-13 13:21:58,622 INFO     ___FILE_ONLY___  
2023-09-13 13:21:58,622 INFO     ___FILE_ONLY___ │ 
2023-09-13 13:21:58,622 INFO     ___FILE_ONLY___ 2023.09.08
2023-09-13 13:21:58,622 INFO     ___FILE_ONLY___  
2023-09-13 13:21:58,622 INFO     ___FILE_ONLY___ │ 
2023-09-13 13:21:58,623 INFO     ___FILE_ONLY___ < 1 MiB
2023-09-13 13:21:58,623 INFO     ___FILE_ONLY___  
2023-09-13 13:21:58,623 INFO     ___FILE_ONLY___ │
2023-09-13 13:21:58,623 INFO     ___FILE_ONLY___ 

2023-09-13 13:21:58,623 INFO     ___FILE_ONLY___ └───────────────────────┴────────────┴─────────┘
2023-09-13 13:21:58,623 INFO     ___FILE_ONLY___ 

2023-09-13 13:21:58,623 INFO     ___FILE_ONLY___ 

2023-09-13 13:21:58,627 DEBUG    urllib3.connectionpool Starting new HTTPS connection (1): dl.google.com:443
2023-09-13 13:21:58,784 DEBUG    urllib3.connectionpool https://dl.google.com:443 "GET /dl/cloudsdk/channels/rapid/RELEASE_NOTES HTTP/1.1" 200 1074395
2023-09-13 13:21:58,898 INFO     ___FILE_ONLY___ For the latest full release notes, please visit:
  https://cloud.google.com/sdk/release_notes


2023-09-13 13:21:58,901 INFO     ___FILE_ONLY___ ╔════════════════════════════════════════════════════════════╗

2023-09-13 13:21:58,901 INFO     ___FILE_ONLY___ ╠═ Creating update staging area                             ═╣

2023-09-13 13:21:58,901 INFO     ___FILE_ONLY___ ╚
2023-09-13 13:21:58,901 INFO     ___FILE_ONLY___ ══════
2023-09-13 13:21:59,601 INFO     ___FILE_ONLY___ ══════
2023-09-13 13:21:59,601 INFO     ___FILE_ONLY___ ══════
2023-09-13 13:21:59,940 INFO     ___FILE_ONLY___ ═
2023-09-13 13:22:00,285 INFO     ___FILE_ONLY___ ═
2023-09-13 13:22:00,449 INFO     ___FILE_ONLY___ ═
2023-09-13 13:22:00,562 INFO     ___FILE_ONLY___ ═
2023-09-13 13:22:00,711 INFO     ___FILE_ONLY___ ═
2023-09-13 13:22:00,774 INFO     ___FILE_ONLY___ ═
2023-09-13 13:22:00,928 INFO     ___FILE_ONLY___ ═
2023-09-13 13:22:01,059 INFO     ___FILE_ONLY___ ═
2023-09-13 13:22:01,155 INFO     ___FILE_ONLY___ ═
2023-09-13 13:22:01,246 INFO     ___FILE_ONLY___ ═
2023-09-13 13:22:01,355 INFO     ___FILE_ONLY___ ═
2023-09-13 13:22:01,433 INFO     ___FILE_ONLY___ ═
2023-09-13 13:22:01,826 INFO     ___FILE_ONLY___ ═
2023-09-13 13:22:01,910 INFO     ___FILE_ONLY___ ═
2023-09-13 13:22:01,982 INFO     ___FILE_ONLY___ ═
2023-09-13 13:22:02,057 INFO     ___FILE_ONLY___ ═
2023-09-13 13:22:02,115 INFO     ___FILE_ONLY___ ═
2023-09-13 13:22:02,164 INFO     ___FILE_ONLY___ ═
2023-09-13 13:22:02,213 INFO     ___FILE_ONLY___ ═
2023-09-13 13:22:02,280 INFO     ___FILE_ONLY___ ═
2023-09-13 13:22:02,348 INFO     ___FILE_ONLY___ ═
2023-09-13 13:22:02,410 INFO     ___FILE_ONLY___ ═
2023-09-13 13:22:02,472 INFO     ___FILE_ONLY___ ═
2023-09-13 13:22:02,530 INFO     ___FILE_ONLY___ ═
2023-09-13 13:22:02,589 INFO     ___FILE_ONLY___ ═
2023-09-13 13:22:02,647 INFO     ___FILE_ONLY___ ═
2023-09-13 13:22:02,709 INFO     ___FILE_ONLY___ ═
2023-09-13 13:22:02,788 INFO     ___FILE_ONLY___ ═
2023-09-13 13:22:02,853 INFO     ___FILE_ONLY___ ═
2023-09-13 13:22:02,916 INFO     ___FILE_ONLY___ ═
2023-09-13 13:22:03,028 INFO     ___FILE_ONLY___ ═
2023-09-13 13:22:03,094 INFO     ___FILE_ONLY___ ═
2023-09-13 13:22:03,181 INFO     ___FILE_ONLY___ ═
2023-09-13 13:22:03,261 INFO     ___FILE_ONLY___ ═
2023-09-13 13:22:03,338 INFO     ___FILE_ONLY___ ═
2023-09-13 13:22:03,412 INFO     ___FILE_ONLY___ ═
2023-09-13 13:22:03,462 INFO     ___FILE_ONLY___ ═
2023-09-13 13:22:03,526 INFO     ___FILE_ONLY___ ═
2023-09-13 13:22:03,596 INFO     ___FILE_ONLY___ ═
2023-09-13 13:22:03,655 INFO     ___FILE_ONLY___ ═
2023-09-13 13:22:03,712 INFO     ___FILE_ONLY___ ═
2023-09-13 13:22:03,780 INFO     ___FILE_ONLY___ ═
2023-09-13 13:22:03,780 INFO     ___FILE_ONLY___ ╝

2023-09-13 13:22:06,319 INFO     ___FILE_ONLY___ ╔════════════════════════════════════════════════════════════╗

2023-09-13 13:22:06,319 INFO     ___FILE_ONLY___ ╠═ Installing: gcloud Alpha Commands                        ═╣

2023-09-13 13:22:06,319 INFO     ___FILE_ONLY___ ╚
2023-09-13 13:22:06,323 DEBUG    urllib3.connectionpool Starting new HTTPS connection (1): dl.google.com:443
2023-09-13 13:22:06,420 DEBUG    urllib3.connectionpool https://dl.google.com:443 "GET /dl/cloudsdk/channels/rapid/components/google-cloud-sdk-alpha-20230908131923.tar.gz HTTP/1.1" 200 800
2023-09-13 13:22:06,421 INFO     ___FILE_ONLY___ ══════════════════════════════
2023-09-13 13:22:06,422 INFO     ___FILE_ONLY___ ══════════════════════════════
2023-09-13 13:22:06,423 INFO     ___FILE_ONLY___ ╝

2023-09-13 13:22:06,433 INFO     ___FILE_ONLY___ ╔════════════════════════════════════════════════════════════╗

2023-09-13 13:22:06,434 INFO     ___FILE_ONLY___ ╠═ Installing: gcloud Beta Commands                         ═╣

2023-09-13 13:22:06,434 INFO     ___FILE_ONLY___ ╚
2023-09-13 13:22:06,438 DEBUG    urllib3.connectionpool Starting new HTTPS connection (1): dl.google.com:443
2023-09-13 13:22:06,533 DEBUG    urllib3.connectionpool https://dl.google.com:443 "GET /dl/cloudsdk/channels/rapid/components/google-cloud-sdk-beta-20230908131923.tar.gz HTTP/1.1" 200 797
2023-09-13 13:22:06,534 INFO     ___FILE_ONLY___ ══════════════════════════════
2023-09-13 13:22:06,535 INFO     ___FILE_ONLY___ ══════════════════════════════
2023-09-13 13:22:06,535 INFO     ___FILE_ONLY___ ╝

2023-09-13 13:22:06,544 INFO     ___FILE_ONLY___ ╔════════════════════════════════════════════════════════════╗

2023-09-13 13:22:06,545 INFO     ___FILE_ONLY___ ╠═ Creating backup and activating new installation          ═╣

2023-09-13 13:22:06,545 INFO     ___FILE_ONLY___ ╚
2023-09-13 13:22:06,545 DEBUG    root            Attempting to move directory [/tools/google-cloud-sdk] to [/tools/google-cloud-sdk.staging/.install/.backup]
2023-09-13 13:22:06,545 INFO     ___FILE_ONLY___ ══════════════════════════════
2023-09-13 13:22:06,545 DEBUG    root            Attempting to move directory [/tools/google-cloud-sdk.staging] to [/tools/google-cloud-sdk]
2023-09-13 13:22:06,545 INFO     ___FILE_ONLY___ ══════════════════════════════
2023-09-13 13:22:06,545 INFO     ___FILE_ONLY___ ╝

2023-09-13 13:22:06,550 DEBUG    root            Updating notification cache...
2023-09-13 13:22:06,550 INFO     ___FILE_ONLY___ 

2023-09-13 13:22:06,552 INFO     ___FILE_ONLY___ Performing post processing steps...
2023-09-13 13:22:06,553 DEBUG    root            Executing command: ['python3', '-S', '/tools/google-cloud-sdk/lib/gcloud.py', 'components', 'post-process']
2023-09-13 13:22:32,234 DEBUG    ___FILE_ONLY___ 
2023-09-13 13:22:32,234 DEBUG    ___FILE_ONLY___ 
2023-09-13 13:22:32,344 INFO     ___FILE_ONLY___ 
Update done!


2023-09-13 13:22:32,348 DEBUG    root            Chosen display Format:none
2023-09-13 13:22:32,348 INFO     root            Display format: "none"
